<?xml version="1.0" encoding="UTF-8"?>
<!-- Generated by org.testng.reporters.JUnitReportReporter -->
<testsuite hostname="Mac.lan" failures="0" tests="1" name="codenbox.testCases.LoginTest" time="5.012" errors="0" timestamp="2025-04-30T12:18:24 CDT" skipped="0">
  <testcase classname="codenbox.testCases.LoginTest" name="verify_login" time="5.012"/>
</testsuite> <!-- codenbox.testCases.LoginTest -->
