<?xml version="1.0" encoding="UTF-8"?>
<!-- Generated by org.testng.reporters.JUnitReportReporter -->
<testsuite hostname="Mac.lan" failures="0" tests="1" name="codenbox.testCases.RegisrationTest" time="5.753" errors="0" timestamp="2025-04-30T12:09:18 CDT" skipped="0">
  <testcase classname="codenbox.testCases.RegisrationTest" name="verify_registration" time="5.753"/>
</testsuite> <!-- codenbox.testCases.RegisrationTest -->
